c:\users\lenovo\documents\github\edabitdk\github_edabit\x64\release\vc143.pdb
c:\users\lenovo\documents\github\edabitdk\github_edabit\x64\release\main.obj
c:\users\lenovo\documents\github\edabitdk\github_edabit\x64\release\9_minutestoseconds.obj
c:\users\lenovo\documents\github\edabitdk\github_edabit\x64\release\8_howmanyseconds.obj
c:\users\lenovo\documents\github\edabitdk\github_edabit\x64\release\7_correctmistakes.obj
c:\users\lenovo\documents\github\edabitdk\github_edabit\x64\release\6_triarea.obj
c:\users\lenovo\documents\github\edabitdk\github_edabit\x64\release\5_farmproblem.obj
c:\users\lenovo\documents\github\edabitdk\github_edabit\x64\release\4_reverse.obj
c:\users\lenovo\documents\github\edabitdk\github_edabit\x64\release\3_remainder.obj
c:\users\lenovo\documents\github\edabitdk\github_edabit\x64\release\2_returnincremented.obj
c:\users\lenovo\documents\github\edabitdk\github_edabit\x64\release\1_addition.obj
c:\users\lenovo\documents\github\edabitdk\github_edabit\x64\release\13_powercalc.obj
c:\users\lenovo\documents\github\edabitdk\github_edabit\x64\release\12_recperimeter.obj
c:\users\lenovo\documents\github\edabitdk\github_edabit\x64\release\11_hoursandminutes.obj
c:\users\lenovo\documents\github\edabitdk\github_edabit\x64\release\10_isequal.obj
c:\users\lenovo\documents\github\edabitdk\github_edabit\x64\release\0 _returntrue.obj
c:\users\lenovo\documents\github\edabitdk\github_edabit\x64\release\14_unitconverter.obj
c:\users\lenovo\documents\github\edabitdk\x64\release\github_edabit.exe
c:\users\lenovo\documents\github\edabitdk\github_edabit\x64\release\github_edabit.ipdb
c:\users\lenovo\documents\github\edabitdk\x64\release\github_edabit.pdb
c:\users\lenovo\documents\github\edabitdk\github_edabit\x64\release\github_edabit.iobj
c:\users\lenovo\documents\github\edabitdk\github_edabit\x64\release\github_edabit.tlog\cl.command.1.tlog
c:\users\lenovo\documents\github\edabitdk\github_edabit\x64\release\github_edabit.tlog\cl.items.tlog
c:\users\lenovo\documents\github\edabitdk\github_edabit\x64\release\github_edabit.tlog\cl.read.1.tlog
c:\users\lenovo\documents\github\edabitdk\github_edabit\x64\release\github_edabit.tlog\cl.write.1.tlog
c:\users\lenovo\documents\github\edabitdk\github_edabit\x64\release\github_edabit.tlog\link.command.1.tlog
c:\users\lenovo\documents\github\edabitdk\github_edabit\x64\release\github_edabit.tlog\link.read.1.tlog
c:\users\lenovo\documents\github\edabitdk\github_edabit\x64\release\github_edabit.tlog\link.write.1.tlog
