  Trwa generowanie kodu
  Previous IPDB was built with incompatible compiler, fall back to full compilation.
  All 17 functions were compiled because no usable IPDB/IOBJ from previous compilation was found.
  Zakończono generowanie kodu
benchmark.lib(benchmark_register.cc.obj) : warning LNK4099: nie znaleziono pliku PDB „” z elementem „benchmark.lib(benchmark_register.cc.obj)” lub w pozycji „”; obiekt zostanie skonsolidowany bez informacji debugowania
benchmark.lib(benchmark.cc.obj) : warning LNK4099: nie znaleziono pliku PDB „” z elementem „benchmark.lib(benchmark.cc.obj)” lub w pozycji „”; obiekt zostanie skonsolidowany bez informacji debugowania
benchmark.lib(sysinfo.cc.obj) : warning LNK4099: nie znaleziono pliku PDB „” z elementem „benchmark.lib(sysinfo.cc.obj)” lub w pozycji „”; obiekt zostanie skonsolidowany bez informacji debugowania
benchmark.lib(benchmark_name.cc.obj) : warning LNK4099: nie znaleziono pliku PDB „” z elementem „benchmark.lib(benchmark_name.cc.obj)” lub w pozycji „”; obiekt zostanie skonsolidowany bez informacji debugowania
benchmark.lib(statistics.cc.obj) : warning LNK4099: nie znaleziono pliku PDB „” z elementem „benchmark.lib(statistics.cc.obj)” lub w pozycji „”; obiekt zostanie skonsolidowany bez informacji debugowania
benchmark.lib(string_util.cc.obj) : warning LNK4099: nie znaleziono pliku PDB „” z elementem „benchmark.lib(string_util.cc.obj)” lub w pozycji „”; obiekt zostanie skonsolidowany bez informacji debugowania
benchmark.lib(reporter.cc.obj) : warning LNK4099: nie znaleziono pliku PDB „” z elementem „benchmark.lib(reporter.cc.obj)” lub w pozycji „”; obiekt zostanie skonsolidowany bez informacji debugowania
benchmark.lib(console_reporter.cc.obj) : warning LNK4099: nie znaleziono pliku PDB „” z elementem „benchmark.lib(console_reporter.cc.obj)” lub w pozycji „”; obiekt zostanie skonsolidowany bez informacji debugowania
benchmark.lib(json_reporter.cc.obj) : warning LNK4099: nie znaleziono pliku PDB „” z elementem „benchmark.lib(json_reporter.cc.obj)” lub w pozycji „”; obiekt zostanie skonsolidowany bez informacji debugowania
benchmark.lib(csv_reporter.cc.obj) : warning LNK4099: nie znaleziono pliku PDB „” z elementem „benchmark.lib(csv_reporter.cc.obj)” lub w pozycji „”; obiekt zostanie skonsolidowany bez informacji debugowania
benchmark.lib(commandlineflags.cc.obj) : warning LNK4099: nie znaleziono pliku PDB „” z elementem „benchmark.lib(commandlineflags.cc.obj)” lub w pozycji „”; obiekt zostanie skonsolidowany bez informacji debugowania
benchmark.lib(benchmark_runner.cc.obj) : warning LNK4099: nie znaleziono pliku PDB „” z elementem „benchmark.lib(benchmark_runner.cc.obj)” lub w pozycji „”; obiekt zostanie skonsolidowany bez informacji debugowania
benchmark.lib(colorprint.cc.obj) : warning LNK4099: nie znaleziono pliku PDB „” z elementem „benchmark.lib(colorprint.cc.obj)” lub w pozycji „”; obiekt zostanie skonsolidowany bez informacji debugowania
benchmark.lib(timers.cc.obj) : warning LNK4099: nie znaleziono pliku PDB „” z elementem „benchmark.lib(timers.cc.obj)” lub w pozycji „”; obiekt zostanie skonsolidowany bez informacji debugowania
benchmark.lib(sleep.cc.obj) : warning LNK4099: nie znaleziono pliku PDB „” z elementem „benchmark.lib(sleep.cc.obj)” lub w pozycji „”; obiekt zostanie skonsolidowany bez informacji debugowania
benchmark.lib(complexity.cc.obj) : warning LNK4099: nie znaleziono pliku PDB „” z elementem „benchmark.lib(complexity.cc.obj)” lub w pozycji „”; obiekt zostanie skonsolidowany bez informacji debugowania
benchmark.lib(counter.cc.obj) : warning LNK4099: nie znaleziono pliku PDB „” z elementem „benchmark.lib(counter.cc.obj)” lub w pozycji „”; obiekt zostanie skonsolidowany bez informacji debugowania
benchmark.lib(benchmark_api_internal.cc.obj) : warning LNK4099: nie znaleziono pliku PDB „” z elementem „benchmark.lib(benchmark_api_internal.cc.obj)” lub w pozycji „”; obiekt zostanie skonsolidowany bez informacji debugowania
  github_edabit.vcxproj -> C:\Users\Lenovo\source\repos\edabit\x64\Release\github_edabit.exe
